<?xml version="1.0" encoding="UTF-8"?>
<!-- Generated by org.testng.reporters.JUnitReportReporter -->
<testsuite hostname="W-PC0FMQC9" failures="0" tests="1" name="test.navigate.GameExplode" time="308.533" errors="0" timestamp="2021-03-27T16:42:42 IST" skipped="0">
  <testcase classname="test.navigate.GameExplode" name="addNewProperty" time="308.533"/>
  <system-out/>
</testsuite> <!-- test.navigate.GameExplode -->
